GateMate (c) Place and Route
Version 4.2 (1 Jul 2023)
All Rights Reserved (c) Cologne Chip AG

Command line Options:
       h:  False
       i: net/aes256_impl_synth.v
       o: aes256_impl
     mXA:   True
     mMA:   True
    Cinp:  False
   Coutp:  False
     cdf:   True
     pin:   True
     plc:   True
       s:   True
     cCP:   True
     gCP:  False
      AF:   True
      dC:   True
    uCIO:  False
      pB:       
      sp:  False
     crf:  False
       v:  False
      Gs:      0
      om:      3
      sf:    0.8
      dl:   True
      df:   True
   m_spi:      0
      pr:   True
     cgb:  False
    cgbc:  False
     cgo:      0
      tm:      3
      tp:      0
   s_spi:      0
     ics:  False
     lib:   ccag
     ccf: src/aes256_impl.ccf

X_CONVERT Netlist Converter

Library Mode used: CCAG_GateMate
....
FATAL ERROR: (24369): Invalid assign statement
program finished with exit code: 10
